<?xml version="1.0" encoding="UTF-8"?>
<!-- Generated by org.testng.reporters.JUnitReportReporter -->
<testsuite skipped="0" hostname="gonens-MacBook-2.local" name="com.qa.darksky.tests.TodayPageTest" tests="3" failures="0" timestamp="2020-08-01T03:38:03 EDT" time="4.019" errors="0">
  <testcase name="clickTodayTest" time="3.870" classname="com.qa.darksky.tests.TodayPageTest"/>
  <system-out/>
  <testcase name="verifyLowTempTest" time="0.082" classname="com.qa.darksky.tests.TodayPageTest"/>
  <system-out/>
  <testcase name="verifyHighTempTest" time="0.067" classname="com.qa.darksky.tests.TodayPageTest"/>
  <system-out/>
</testsuite> <!-- com.qa.darksky.tests.TodayPageTest -->
